TN:
SF:app.js
FN:37,(anonymous_0)
FN:42,(anonymous_1)
FNF:2
FNH:0
FNDA:0,(anonymous_0)
FNDA:0,(anonymous_1)
DA:1,1
DA:2,1
DA:3,1
DA:4,1
DA:5,1
DA:6,1
DA:7,1
DA:8,1
DA:10,1
DA:13,1
DA:14,1
DA:16,1
DA:17,1
DA:18,1
DA:19,1
DA:24,1
DA:25,1
DA:27,1
DA:28,1
DA:29,1
DA:30,1
DA:31,1
DA:32,1
DA:34,1
DA:37,1
DA:38,0
DA:42,1
DA:44,0
DA:45,0
DA:48,0
DA:49,0
DA:52,1
LF:32
LH:27
BRDA:45,0,0,0
BRDA:45,0,1,0
BRDA:48,1,0,0
BRDA:48,1,1,0
BRF:4
BRH:0
end_of_record
TN:
SF:routes/index.js
FN:5,(anonymous_0)
FN:12,(anonymous_1)
FN:18,(anonymous_2)
FN:20,(anonymous_3)
FN:27,(anonymous_4)
FN:45,(anonymous_5)
FN:48,(anonymous_6)
FN:58,(anonymous_7)
FN:61,(anonymous_8)
FN:69,(anonymous_9)
FNF:10
FNH:7
FNDA:0,(anonymous_0)
FNDA:1,(anonymous_1)
FNDA:2,(anonymous_2)
FNDA:7,(anonymous_3)
FNDA:1,(anonymous_4)
FNDA:0,(anonymous_5)
FNDA:0,(anonymous_6)
FNDA:1,(anonymous_7)
FNDA:3,(anonymous_8)
FNDA:1,(anonymous_9)
DA:1,1
DA:2,1
DA:5,1
DA:7,0
DA:8,0
DA:12,1
DA:13,1
DA:14,1
DA:18,1
DA:19,2
DA:20,7
DA:21,2
DA:22,1
DA:23,1
DA:27,1
DA:28,1
DA:29,1
DA:37,1
DA:38,1
DA:39,1
DA:40,0
DA:45,1
DA:46,0
DA:47,0
DA:48,0
DA:49,0
DA:50,0
DA:51,0
DA:52,0
DA:53,0
DA:58,1
DA:59,1
DA:60,1
DA:61,3
DA:62,1
DA:63,1
DA:64,1
DA:65,0
DA:69,1
DA:70,1
DA:73,1
LF:41
LH:29
BRDA:21,0,0,1
BRDA:21,0,1,1
BRDA:38,1,0,1
BRDA:38,1,1,0
BRDA:51,2,0,0
BRDA:51,2,1,0
BRDA:63,3,0,1
BRDA:63,3,1,0
BRF:8
BRH:4
end_of_record
